<?xml version="1.0" encoding="UTF-8"?>
<testsuite xmlns:xsi="http://www.w3.org/2001/XMLSchema-instance" xsi:noNamespaceSchemaLocation="https://maven.apache.org/surefire/maven-surefire-plugin/xsd/surefire-test-report-3.0.xsd" version="3.0" name="com.example.deploydemo.DeployDemoApplicationTests" time="2.201" tests="1" errors="0" skipped="0" failures="0">
  <properties>
[...]
</properties>
  <testcase name="contextLoads" classname="com.example.deploydemo.DeployDemoApplicationTests" time="0.583">
    <system-out><![CDATA[16:47:07.793 [main] INFO org.springframework.test.context.support.AnnotationConfigContextLoaderUtils -- Could not detect default configuration classes for test class [com.example.deploydemo.DeployDemoApplicationTests]: DeployDemoApplicationTests does not declare any static, non-private, non-final, nested classes annotated with @Configuration.
16:47:07.857 [main] INFO org.springframework.boot.test.context.SpringBootTestContextBootstrapper -- Found @SpringBootConfiguration com.example.deploydemo.DeployDemoApplication for test class com.example.deploydemo.DeployDemoApplicationTests

  .   ____          _            __ _ _
 /\\ / ___'_ __ _ _(_)_ __  __ _ \ \ \ \
( ( )\___ | '_ | '_| | '_ \/ _` | \ \ \ \
 \\/  ___)| |_)| | | | | || (_| |  ) ) ) )
  '  |____| .__|_| |_|_| |_\__, | / / / /
 =========|_|==============|___/=/_/_/_/
 :: Spring Boot ::                (v3.2.0)

2023-12-08T16:47:08.100+01:00  INFO 196652 --- [           main] c.e.d.DeployDemoApplicationTests         : Starting DeployDemoApplicationTests using Java 17.0.6 with PID 196652 (started by zakhar in /home/zakhar/STUDING/Garbage/DeployDemo)
2023-12-08T16:47:08.101+01:00  INFO 196652 --- [           main] c.e.d.DeployDemoApplicationTests         : No active profile set, falling back to 1 default profile: "default"
2023-12-08T16:47:09.291+01:00  INFO 196652 --- [           main] c.e.d.DeployDemoApplicationTests         : Started DeployDemoApplicationTests in 1.341 seconds (process running for 1.954)
]]></system-out>
  </testcase>
</testsuite>